C:\Program Files (x86)\Microsoft Visual Studio\2019\Community\MSBuild\Microsoft\VC\v160\Microsoft.CppBuild.targets(491,5): warning MSB8028: The intermediate directory (.\Release\) contains files shared from another project (UWDisablePhysicsEngine.vcxproj).  This can lead to incorrect clean and rebuild behavior.
  UWTimedProcessingUDP.cpp
C:\Users\Don\Desktop\Airflow\XPplugins\XPlanePlugins\plugins\UWPlugins\ThirdPartyCode\PracticalSocket\PracticalSocket.h(71,49): warning C4290: C++ exception specification ignored except to indicate a function is not __declspec(nothrow)
C:\Users\Don\Desktop\Airflow\XPplugins\XPlanePlugins\plugins\UWPlugins\ThirdPartyCode\PracticalSocket\PracticalSocket.h(78,54): warning C4290: C++ exception specification ignored except to indicate a function is not __declspec(nothrow)
C:\Users\Don\Desktop\Airflow\XPplugins\XPlanePlugins\plugins\UWPlugins\ThirdPartyCode\PracticalSocket\PracticalSocket.h(86,68): warning C4290: C++ exception specification ignored except to indicate a function is not __declspec(nothrow)
C:\Users\Don\Desktop\Airflow\XPplugins\XPlanePlugins\plugins\UWPlugins\ThirdPartyCode\PracticalSocket\PracticalSocket.h(97,56): warning C4290: C++ exception specification ignored except to indicate a function is not __declspec(nothrow)
C:\Users\Don\Desktop\Airflow\XPplugins\XPlanePlugins\plugins\UWPlugins\ThirdPartyCode\PracticalSocket\PracticalSocket.h(112,46): warning C4290: C++ exception specification ignored except to indicate a function is not __declspec(nothrow)
C:\Users\Don\Desktop\Airflow\XPplugins\XPlanePlugins\plugins\UWPlugins\ThirdPartyCode\PracticalSocket\PracticalSocket.h(130,9): warning C4290: C++ exception specification ignored except to indicate a function is not __declspec(nothrow)
C:\Users\Don\Desktop\Airflow\XPplugins\XPlanePlugins\plugins\UWPlugins\ThirdPartyCode\PracticalSocket\PracticalSocket.h(147,26): warning C4290: C++ exception specification ignored except to indicate a function is not __declspec(nothrow)
C:\Users\Don\Desktop\Airflow\XPplugins\XPlanePlugins\plugins\UWPlugins\ThirdPartyCode\PracticalSocket\PracticalSocket.h(156,69): warning C4290: C++ exception specification ignored except to indicate a function is not __declspec(nothrow)
C:\Users\Don\Desktop\Airflow\XPplugins\XPlanePlugins\plugins\UWPlugins\ThirdPartyCode\PracticalSocket\PracticalSocket.h(166,62): warning C4290: C++ exception specification ignored except to indicate a function is not __declspec(nothrow)
C:\Users\Don\Desktop\Airflow\XPplugins\XPlanePlugins\plugins\UWPlugins\ThirdPartyCode\PracticalSocket\PracticalSocket.h(173,51): warning C4290: C++ exception specification ignored except to indicate a function is not __declspec(nothrow)
C:\Users\Don\Desktop\Airflow\XPplugins\XPlanePlugins\plugins\UWPlugins\ThirdPartyCode\PracticalSocket\PracticalSocket.h(180,56): warning C4290: C++ exception specification ignored except to indicate a function is not __declspec(nothrow)
C:\Users\Don\Desktop\Airflow\XPplugins\XPlanePlugins\plugins\UWPlugins\ThirdPartyCode\PracticalSocket\PracticalSocket.h(183,22): warning C4290: C++ exception specification ignored except to indicate a function is not __declspec(nothrow)
C:\Users\Don\Desktop\Airflow\XPplugins\XPlanePlugins\plugins\UWPlugins\ThirdPartyCode\PracticalSocket\PracticalSocket.h(196,12): warning C4290: C++ exception specification ignored except to indicate a function is not __declspec(nothrow)
C:\Users\Don\Desktop\Airflow\XPplugins\XPlanePlugins\plugins\UWPlugins\ThirdPartyCode\PracticalSocket\PracticalSocket.h(205,12): warning C4290: C++ exception specification ignored except to indicate a function is not __declspec(nothrow)
C:\Users\Don\Desktop\Airflow\XPplugins\XPlanePlugins\plugins\UWPlugins\ThirdPartyCode\PracticalSocket\PracticalSocket.h(228,18): warning C4290: C++ exception specification ignored except to indicate a function is not __declspec(nothrow)
C:\Users\Don\Desktop\Airflow\XPplugins\XPlanePlugins\plugins\UWPlugins\ThirdPartyCode\PracticalSocket\PracticalSocket.h(240,18): warning C4290: C++ exception specification ignored except to indicate a function is not __declspec(nothrow)
C:\Users\Don\Desktop\Airflow\XPplugins\XPlanePlugins\plugins\UWPlugins\ThirdPartyCode\PracticalSocket\PracticalSocket.h(248,44): warning C4290: C++ exception specification ignored except to indicate a function is not __declspec(nothrow)
C:\Users\Don\Desktop\Airflow\XPplugins\XPlanePlugins\plugins\UWPlugins\ThirdPartyCode\PracticalSocket\PracticalSocket.h(251,53): warning C4290: C++ exception specification ignored except to indicate a function is not __declspec(nothrow)
C:\Users\Don\Desktop\Airflow\XPplugins\XPlanePlugins\plugins\UWPlugins\ThirdPartyCode\PracticalSocket\PracticalSocket.h(263,12): warning C4290: C++ exception specification ignored except to indicate a function is not __declspec(nothrow)
C:\Users\Don\Desktop\Airflow\XPplugins\XPlanePlugins\plugins\UWPlugins\ThirdPartyCode\PracticalSocket\PracticalSocket.h(270,12): warning C4290: C++ exception specification ignored except to indicate a function is not __declspec(nothrow)
C:\Users\Don\Desktop\Airflow\XPplugins\XPlanePlugins\plugins\UWPlugins\ThirdPartyCode\PracticalSocket\PracticalSocket.h(278,12): warning C4290: C++ exception specification ignored except to indicate a function is not __declspec(nothrow)
C:\Users\Don\Desktop\Airflow\XPplugins\XPlanePlugins\plugins\UWPlugins\ThirdPartyCode\PracticalSocket\PracticalSocket.h(286,42): warning C4290: C++ exception specification ignored except to indicate a function is not __declspec(nothrow)
C:\Users\Don\Desktop\Airflow\XPplugins\XPlanePlugins\plugins\UWPlugins\ThirdPartyCode\PracticalSocket\PracticalSocket.h(299,62): warning C4290: C++ exception specification ignored except to indicate a function is not __declspec(nothrow)
C:\Users\Don\Desktop\Airflow\XPplugins\XPlanePlugins\plugins\UWPlugins\ThirdPartyCode\PracticalSocket\PracticalSocket.h(312,65): warning C4290: C++ exception specification ignored except to indicate a function is not __declspec(nothrow)
C:\Users\Don\Desktop\Airflow\XPplugins\XPlanePlugins\plugins\UWPlugins\ThirdPartyCode\PracticalSocket\PracticalSocket.h(319,73): warning C4290: C++ exception specification ignored except to indicate a function is not __declspec(nothrow)
C:\Users\Don\Desktop\Airflow\XPplugins\XPlanePlugins\plugins\UWPlugins\ThirdPartyCode\PracticalSocket\PracticalSocket.h(326,69): warning C4290: C++ exception specification ignored except to indicate a function is not __declspec(nothrow)
C:\Users\Don\Desktop\Airflow\XPplugins\XPlanePlugins\plugins\UWPlugins\ThirdPartyCode\PracticalSocket\PracticalSocket.h(333,70): warning C4290: C++ exception specification ignored except to indicate a function is not __declspec(nothrow)
C:\Users\Don\Desktop\Airflow\XPplugins\XPlanePlugins\plugins\UWPlugins\SourceCode\UWTimedProcessingUDP.cpp(102,2): warning C4996: 'strcpy': This function or variable may be unsafe. Consider using strcpy_s instead. To disable deprecation, use _CRT_SECURE_NO_WARNINGS. See online help for details.
C:\Users\Don\Desktop\Airflow\XPplugins\XPlanePlugins\plugins\UWPlugins\SourceCode\UWTimedProcessingUDP.cpp(103,2): warning C4996: 'strcpy': This function or variable may be unsafe. Consider using strcpy_s instead. To disable deprecation, use _CRT_SECURE_NO_WARNINGS. See online help for details.
C:\Users\Don\Desktop\Airflow\XPplugins\XPlanePlugins\plugins\UWPlugins\SourceCode\UWTimedProcessingUDP.cpp(104,2): warning C4996: 'strcpy': This function or variable may be unsafe. Consider using strcpy_s instead. To disable deprecation, use _CRT_SECURE_NO_WARNINGS. See online help for details.
C:\Users\Don\Desktop\Airflow\XPplugins\XPlanePlugins\plugins\UWPlugins\SourceCode\UWTimedProcessingUDP.cpp(144,8): warning C4305: 'argument': truncation from 'double' to 'float'
C:\Users\Don\Desktop\Airflow\XPplugins\XPlanePlugins\plugins\UWPlugins\SourceCode\UWTimedProcessingUDP.cpp(96,7): warning C4101: 'outputPath': unreferenced local variable
C:\Users\Don\Desktop\Airflow\XPplugins\XPlanePlugins\plugins\UWPlugins\SourceCode\UWTimedProcessingUDP.cpp(316,28): warning C4305: 'return': truncation from 'double' to 'float'
C:\Users\Don\Desktop\Airflow\XPplugins\XPlanePlugins\plugins\UWPlugins\SourceCode\UWTimedProcessingUDP.cpp(270,10): warning C4996: 'strtok': This function or variable may be unsafe. Consider using strtok_s instead. To disable deprecation, use _CRT_SECURE_NO_WARNINGS. See online help for details.
C:\Users\Don\Desktop\Airflow\XPplugins\XPlanePlugins\plugins\UWPlugins\SourceCode\UWTimedProcessingUDP.cpp(297,11): warning C4996: 'strtok': This function or variable may be unsafe. Consider using strtok_s instead. To disable deprecation, use _CRT_SECURE_NO_WARNINGS. See online help for details.
C:\Users\Don\Desktop\Airflow\XPplugins\XPlanePlugins\plugins\UWPlugins\SourceCode\UWTimedProcessingUDP.cpp(305,29): warning C4101: 'e': unreferenced local variable
C:\Users\Don\Desktop\Airflow\XPplugins\XPlanePlugins\plugins\UWPlugins\SourceCode\UWTimedProcessingUDP.cpp(385,3): warning C4996: 'strcpy': This function or variable may be unsafe. Consider using strcpy_s instead. To disable deprecation, use _CRT_SECURE_NO_WARNINGS. See online help for details.
C:\Users\Don\Desktop\Airflow\XPplugins\XPlanePlugins\plugins\UWPlugins\SourceCode\UWTimedProcessingUDP.cpp(386,3): warning C4996: 'strcat': This function or variable may be unsafe. Consider using strcat_s instead. To disable deprecation, use _CRT_SECURE_NO_WARNINGS. See online help for details.
C:\Users\Don\Desktop\Airflow\XPplugins\XPlanePlugins\plugins\UWPlugins\SourceCode\UWTimedProcessingUDP.cpp(387,3): warning C4996: 'strcat': This function or variable may be unsafe. Consider using strcat_s instead. To disable deprecation, use _CRT_SECURE_NO_WARNINGS. See online help for details.
C:\Users\Don\Desktop\Airflow\XPplugins\XPlanePlugins\plugins\UWPlugins\SourceCode\UWTimedProcessingUDP.cpp(364,2): warning C4996: 'itoa': The POSIX name for this item is deprecated. Instead, use the ISO C and C++ conformant name: _itoa. See online help for details.
C:\Users\Don\Desktop\Airflow\XPplugins\XPlanePlugins\plugins\UWPlugins\SourceCode\UWTimedProcessingUDP.cpp(376,4): warning C4996: 'sprintf': This function or variable may be unsafe. Consider using sprintf_s instead. To disable deprecation, use _CRT_SECURE_NO_WARNINGS. See online help for details.
C:\Users\Don\Desktop\Airflow\XPplugins\XPlanePlugins\plugins\UWPlugins\SourceCode\UWTimedProcessingUDP.cpp(381,4): warning C4996: 'sprintf': This function or variable may be unsafe. Consider using sprintf_s instead. To disable deprecation, use _CRT_SECURE_NO_WARNINGS. See online help for details.
  PracticalSocket.cpp
C:\Users\Don\Desktop\Airflow\XPplugins\XPlanePlugins\plugins\UWPlugins\ThirdPartyCode\PracticalSocket\PracticalSocket.h(71,49): warning C4290: C++ exception specification ignored except to indicate a function is not __declspec(nothrow)
C:\Users\Don\Desktop\Airflow\XPplugins\XPlanePlugins\plugins\UWPlugins\ThirdPartyCode\PracticalSocket\PracticalSocket.h(78,54): warning C4290: C++ exception specification ignored except to indicate a function is not __declspec(nothrow)
C:\Users\Don\Desktop\Airflow\XPplugins\XPlanePlugins\plugins\UWPlugins\ThirdPartyCode\PracticalSocket\PracticalSocket.h(86,68): warning C4290: C++ exception specification ignored except to indicate a function is not __declspec(nothrow)
C:\Users\Don\Desktop\Airflow\XPplugins\XPlanePlugins\plugins\UWPlugins\ThirdPartyCode\PracticalSocket\PracticalSocket.h(97,56): warning C4290: C++ exception specification ignored except to indicate a function is not __declspec(nothrow)
C:\Users\Don\Desktop\Airflow\XPplugins\XPlanePlugins\plugins\UWPlugins\ThirdPartyCode\PracticalSocket\PracticalSocket.h(112,46): warning C4290: C++ exception specification ignored except to indicate a function is not __declspec(nothrow)
C:\Users\Don\Desktop\Airflow\XPplugins\XPlanePlugins\plugins\UWPlugins\ThirdPartyCode\PracticalSocket\PracticalSocket.h(130,9): warning C4290: C++ exception specification ignored except to indicate a function is not __declspec(nothrow)
C:\Users\Don\Desktop\Airflow\XPplugins\XPlanePlugins\plugins\UWPlugins\ThirdPartyCode\PracticalSocket\PracticalSocket.h(147,26): warning C4290: C++ exception specification ignored except to indicate a function is not __declspec(nothrow)
C:\Users\Don\Desktop\Airflow\XPplugins\XPlanePlugins\plugins\UWPlugins\ThirdPartyCode\PracticalSocket\PracticalSocket.h(156,69): warning C4290: C++ exception specification ignored except to indicate a function is not __declspec(nothrow)
C:\Users\Don\Desktop\Airflow\XPplugins\XPlanePlugins\plugins\UWPlugins\ThirdPartyCode\PracticalSocket\PracticalSocket.h(166,62): warning C4290: C++ exception specification ignored except to indicate a function is not __declspec(nothrow)
C:\Users\Don\Desktop\Airflow\XPplugins\XPlanePlugins\plugins\UWPlugins\ThirdPartyCode\PracticalSocket\PracticalSocket.h(173,51): warning C4290: C++ exception specification ignored except to indicate a function is not __declspec(nothrow)
C:\Users\Don\Desktop\Airflow\XPplugins\XPlanePlugins\plugins\UWPlugins\ThirdPartyCode\PracticalSocket\PracticalSocket.h(180,56): warning C4290: C++ exception specification ignored except to indicate a function is not __declspec(nothrow)
C:\Users\Don\Desktop\Airflow\XPplugins\XPlanePlugins\plugins\UWPlugins\ThirdPartyCode\PracticalSocket\PracticalSocket.h(183,22): warning C4290: C++ exception specification ignored except to indicate a function is not __declspec(nothrow)
C:\Users\Don\Desktop\Airflow\XPplugins\XPlanePlugins\plugins\UWPlugins\ThirdPartyCode\PracticalSocket\PracticalSocket.h(196,12): warning C4290: C++ exception specification ignored except to indicate a function is not __declspec(nothrow)
C:\Users\Don\Desktop\Airflow\XPplugins\XPlanePlugins\plugins\UWPlugins\ThirdPartyCode\PracticalSocket\PracticalSocket.h(205,12): warning C4290: C++ exception specification ignored except to indicate a function is not __declspec(nothrow)
C:\Users\Don\Desktop\Airflow\XPplugins\XPlanePlugins\plugins\UWPlugins\ThirdPartyCode\PracticalSocket\PracticalSocket.h(228,18): warning C4290: C++ exception specification ignored except to indicate a function is not __declspec(nothrow)
C:\Users\Don\Desktop\Airflow\XPplugins\XPlanePlugins\plugins\UWPlugins\ThirdPartyCode\PracticalSocket\PracticalSocket.h(240,18): warning C4290: C++ exception specification ignored except to indicate a function is not __declspec(nothrow)
C:\Users\Don\Desktop\Airflow\XPplugins\XPlanePlugins\plugins\UWPlugins\ThirdPartyCode\PracticalSocket\PracticalSocket.h(248,44): warning C4290: C++ exception specification ignored except to indicate a function is not __declspec(nothrow)
C:\Users\Don\Desktop\Airflow\XPplugins\XPlanePlugins\plugins\UWPlugins\ThirdPartyCode\PracticalSocket\PracticalSocket.h(251,53): warning C4290: C++ exception specification ignored except to indicate a function is not __declspec(nothrow)
C:\Users\Don\Desktop\Airflow\XPplugins\XPlanePlugins\plugins\UWPlugins\ThirdPartyCode\PracticalSocket\PracticalSocket.h(263,12): warning C4290: C++ exception specification ignored except to indicate a function is not __declspec(nothrow)
C:\Users\Don\Desktop\Airflow\XPplugins\XPlanePlugins\plugins\UWPlugins\ThirdPartyCode\PracticalSocket\PracticalSocket.h(270,12): warning C4290: C++ exception specification ignored except to indicate a function is not __declspec(nothrow)
C:\Users\Don\Desktop\Airflow\XPplugins\XPlanePlugins\plugins\UWPlugins\ThirdPartyCode\PracticalSocket\PracticalSocket.h(278,12): warning C4290: C++ exception specification ignored except to indicate a function is not __declspec(nothrow)
C:\Users\Don\Desktop\Airflow\XPplugins\XPlanePlugins\plugins\UWPlugins\ThirdPartyCode\PracticalSocket\PracticalSocket.h(286,42): warning C4290: C++ exception specification ignored except to indicate a function is not __declspec(nothrow)
C:\Users\Don\Desktop\Airflow\XPplugins\XPlanePlugins\plugins\UWPlugins\ThirdPartyCode\PracticalSocket\PracticalSocket.h(299,62): warning C4290: C++ exception specification ignored except to indicate a function is not __declspec(nothrow)
C:\Users\Don\Desktop\Airflow\XPplugins\XPlanePlugins\plugins\UWPlugins\ThirdPartyCode\PracticalSocket\PracticalSocket.h(312,65): warning C4290: C++ exception specification ignored except to indicate a function is not __declspec(nothrow)
C:\Users\Don\Desktop\Airflow\XPplugins\XPlanePlugins\plugins\UWPlugins\ThirdPartyCode\PracticalSocket\PracticalSocket.h(319,73): warning C4290: C++ exception specification ignored except to indicate a function is not __declspec(nothrow)
C:\Users\Don\Desktop\Airflow\XPplugins\XPlanePlugins\plugins\UWPlugins\ThirdPartyCode\PracticalSocket\PracticalSocket.h(326,69): warning C4290: C++ exception specification ignored except to indicate a function is not __declspec(nothrow)
C:\Users\Don\Desktop\Airflow\XPplugins\XPlanePlugins\plugins\UWPlugins\ThirdPartyCode\PracticalSocket\PracticalSocket.h(333,70): warning C4290: C++ exception specification ignored except to indicate a function is not __declspec(nothrow)
C:\Users\Don\Desktop\Airflow\XPplugins\XPlanePlugins\plugins\UWPlugins\ThirdPartyCode\PracticalSocket\PracticalSocket.cpp(50,24): warning C4996: 'strerror': This function or variable may be unsafe. Consider using strerror_s instead. To disable deprecation, use _CRT_SECURE_NO_WARNINGS. See online help for details.
C:\Users\Don\Desktop\Airflow\XPplugins\XPlanePlugins\plugins\UWPlugins\ThirdPartyCode\PracticalSocket\PracticalSocket.cpp(80,61): warning C4290: C++ exception specification ignored except to indicate a function is not __declspec(nothrow)
C:\Users\Don\Desktop\Airflow\XPplugins\XPlanePlugins\plugins\UWPlugins\ThirdPartyCode\PracticalSocket\PracticalSocket.cpp(113,55): warning C4290: C++ exception specification ignored except to indicate a function is not __declspec(nothrow)
C:\Users\Don\Desktop\Airflow\XPplugins\XPlanePlugins\plugins\UWPlugins\ThirdPartyCode\PracticalSocket\PracticalSocket.cpp(123,60): warning C4290: C++ exception specification ignored except to indicate a function is not __declspec(nothrow)
C:\Users\Don\Desktop\Airflow\XPplugins\XPlanePlugins\plugins\UWPlugins\ThirdPartyCode\PracticalSocket\PracticalSocket.cpp(133,74): warning C4290: C++ exception specification ignored except to indicate a function is not __declspec(nothrow)
C:\Users\Don\Desktop\Airflow\XPplugins\XPlanePlugins\plugins\UWPlugins\ThirdPartyCode\PracticalSocket\PracticalSocket.cpp(147,52): warning C4290: C++ exception specification ignored except to indicate a function is not __declspec(nothrow)
C:\Users\Don\Desktop\Airflow\XPplugins\XPlanePlugins\plugins\UWPlugins\ThirdPartyCode\PracticalSocket\PracticalSocket.cpp(157,45): warning C4290: C++ exception specification ignored except to indicate a function is not __declspec(nothrow)
C:\Users\Don\Desktop\Airflow\XPplugins\XPlanePlugins\plugins\UWPlugins\ThirdPartyCode\PracticalSocket\PracticalSocket.cpp(178,26): warning C4290: C++ exception specification ignored except to indicate a function is not __declspec(nothrow)
C:\Users\Don\Desktop\Airflow\XPplugins\XPlanePlugins\plugins\UWPlugins\ThirdPartyCode\PracticalSocket\PracticalSocket.cpp(185,54): warning C4290: C++ exception specification ignored except to indicate a function is not __declspec(nothrow)
C:\Users\Don\Desktop\Airflow\XPplugins\XPlanePlugins\plugins\UWPlugins\ThirdPartyCode\PracticalSocket\PracticalSocket.cpp(197,26): warning C4290: C++ exception specification ignored except to indicate a function is not __declspec(nothrow)
C:\Users\Don\Desktop\Airflow\XPplugins\XPlanePlugins\plugins\UWPlugins\ThirdPartyCode\PracticalSocket\PracticalSocket.cpp(204,26): warning C4290: C++ exception specification ignored except to indicate a function is not __declspec(nothrow)
C:\Users\Don\Desktop\Airflow\XPplugins\XPlanePlugins\plugins\UWPlugins\ThirdPartyCode\PracticalSocket\PracticalSocket.cpp(214,26): warning C4290: C++ exception specification ignored except to indicate a function is not __declspec(nothrow)
C:\Users\Don\Desktop\Airflow\XPplugins\XPlanePlugins\plugins\UWPlugins\ThirdPartyCode\PracticalSocket\PracticalSocket.cpp(224,75): warning C4290: C++ exception specification ignored except to indicate a function is not __declspec(nothrow)
C:\Users\Don\Desktop\Airflow\XPplugins\XPlanePlugins\plugins\UWPlugins\ThirdPartyCode\PracticalSocket\PracticalSocket.cpp(237,26): warning C4290: C++ exception specification ignored except to indicate a function is not __declspec(nothrow)
C:\Users\Don\Desktop\Airflow\XPplugins\XPlanePlugins\plugins\UWPlugins\ThirdPartyCode\PracticalSocket\PracticalSocket.cpp(242,26): warning C4290: C++ exception specification ignored except to indicate a function is not __declspec(nothrow)
C:\Users\Don\Desktop\Airflow\XPplugins\XPlanePlugins\plugins\UWPlugins\ThirdPartyCode\PracticalSocket\PracticalSocket.cpp(252,26): warning C4290: C++ exception specification ignored except to indicate a function is not __declspec(nothrow)
C:\Users\Don\Desktop\Airflow\XPplugins\XPlanePlugins\plugins\UWPlugins\ThirdPartyCode\PracticalSocket\PracticalSocket.cpp(259,26): warning C4290: C++ exception specification ignored except to indicate a function is not __declspec(nothrow)
C:\Users\Don\Desktop\Airflow\XPplugins\XPlanePlugins\plugins\UWPlugins\ThirdPartyCode\PracticalSocket\PracticalSocket.cpp(264,59): warning C4290: C++ exception specification ignored except to indicate a function is not __declspec(nothrow)
C:\Users\Don\Desktop\Airflow\XPplugins\XPlanePlugins\plugins\UWPlugins\ThirdPartyCode\PracticalSocket\PracticalSocket.cpp(273,68): warning C4290: C++ exception specification ignored except to indicate a function is not __declspec(nothrow)
C:\Users\Don\Desktop\Airflow\XPplugins\XPlanePlugins\plugins\UWPlugins\ThirdPartyCode\PracticalSocket\PracticalSocket.cpp(281,45): warning C4290: C++ exception specification ignored except to indicate a function is not __declspec(nothrow)
C:\Users\Don\Desktop\Airflow\XPplugins\XPlanePlugins\plugins\UWPlugins\ThirdPartyCode\PracticalSocket\PracticalSocket.cpp(286,70): warning C4290: C++ exception specification ignored except to indicate a function is not __declspec(nothrow)
C:\Users\Don\Desktop\Airflow\XPplugins\XPlanePlugins\plugins\UWPlugins\ThirdPartyCode\PracticalSocket\PracticalSocket.cpp(293,27): warning C4290: C++ exception specification ignored except to indicate a function is not __declspec(nothrow)
C:\Users\Don\Desktop\Airflow\XPplugins\XPlanePlugins\plugins\UWPlugins\ThirdPartyCode\PracticalSocket\PracticalSocket.cpp(306,51): warning C4290: C++ exception specification ignored except to indicate a function is not __declspec(nothrow)
C:\Users\Don\Desktop\Airflow\XPplugins\XPlanePlugins\plugins\UWPlugins\ThirdPartyCode\PracticalSocket\PracticalSocket.cpp(325,26): warning C4290: C++ exception specification ignored except to indicate a function is not __declspec(nothrow)
C:\Users\Don\Desktop\Airflow\XPplugins\XPlanePlugins\plugins\UWPlugins\ThirdPartyCode\PracticalSocket\PracticalSocket.cpp(337,54): warning C4290: C++ exception specification ignored except to indicate a function is not __declspec(nothrow)
C:\Users\Don\Desktop\Airflow\XPplugins\XPlanePlugins\plugins\UWPlugins\ThirdPartyCode\PracticalSocket\PracticalSocket.cpp(351,82): warning C4290: C++ exception specification ignored except to indicate a function is not __declspec(nothrow)
C:\Users\Don\Desktop\Airflow\XPplugins\XPlanePlugins\plugins\UWPlugins\ThirdPartyCode\PracticalSocket\PracticalSocket.cpp(358,78): warning C4290: C++ exception specification ignored except to indicate a function is not __declspec(nothrow)
C:\Users\Don\Desktop\Airflow\XPplugins\XPlanePlugins\plugins\UWPlugins\ThirdPartyCode\PracticalSocket\PracticalSocket.cpp(370,79): warning C4290: C++ exception specification ignored except to indicate a function is not __declspec(nothrow)
  Generating Code...
C:\Program Files (x86)\Microsoft Visual Studio\2019\Community\MSBuild\Microsoft\VC\v160\Microsoft.CppBuild.targets(1341,5): warning MSB8012: TargetPath(C:\Users\Don\Desktop\Airflow\XPplugins\XPlanePlugins\plugins\UWPlugins\Projects\Win\Release\UWTimedProcessingUDP.dll) does not match the Linker's OutputFile property value (C:\Users\Don\Desktop\Airflow\XPplugins\XPlanePlugins\plugins\UWPlugins\Projects\Win\Release\Plugins\UWTimedProcessingUDP.xpl). This may cause your project to build incorrectly. To correct this, please make sure that $(OutDir), $(TargetName) and $(TargetExt) property values match the value specified in %(Link.OutputFile).
C:\Program Files (x86)\Microsoft Visual Studio\2019\Community\MSBuild\Microsoft\VC\v160\Microsoft.CppBuild.targets(1342,5): warning MSB8012: TargetExt(.dll) does not match the Linker's OutputFile property value (.xpl). This may cause your project to build incorrectly. To correct this, please make sure that $(OutDir), $(TargetName) and $(TargetExt) property values match the value specified in %(Link.OutputFile).
     Creating library .\Release\Position.lib and object .\Release\Position.exp
  UWTimedProcessingUDP.vcxproj -> C:\Users\Don\Desktop\Airflow\XPplugins\XPlanePlugins\plugins\UWPlugins\Projects\Win\Release\UWTimedProcessingUDP.dll
